This file contains any messages produced by compilers while
running configure, to aid debugging if configure makes a mistake.

It was created by editor configure 0.0.1, which was
generated by GNU Autoconf 2.69.  Invocation command line was

  $ /home/userx/Editor/configure --enable-maintainer-mode CFLAGS=-g -O0 CXXFLAGS=-g -O0 JFLAGS=-g -O0 FFLAGS=-g -O0

## --------- ##
## Platform. ##
## --------- ##

hostname = osires
uname -m = i686
uname -r = 3.7.0-sabayon
uname -s = Linux
uname -v = #1 SMP Wed Jan 23 21:08:19 UTC 2013

/usr/bin/uname -p = Intel(R) Core(TM) i5-2450M CPU @ 2.50GHz
/bin/uname -X     = unknown

/bin/arch              = unknown
/usr/bin/arch -k       = unknown
/usr/convex/getsysinfo = unknown
/usr/bin/hostinfo      = unknown
/bin/machine           = unknown
/usr/bin/oslevel       = unknown
/bin/universe          = unknown

PATH: /usr/local/bin
PATH: /usr/bin
PATH: /bin
PATH: /opt/bin
PATH: /usr/i686-pc-linux-gnu/gcc-bin/4.6.3
PATH: /usr/games/bin


## ----------- ##
## Core tests. ##
## ----------- ##

configure:2342: checking for a BSD-compatible install
configure:2410: result: /usr/bin/install -c
configure:2421: checking whether build environment is sane
configure:2471: result: yes
configure:2612: checking for a thread-safe mkdir -p
configure:2651: result: /bin/mkdir -p
configure:2664: checking for gawk
configure:2680: found /usr/bin/gawk
configure:2691: result: gawk
configure:2702: checking whether make sets $(MAKE)
configure:2724: result: yes
configure:2816: checking whether make supports nested variables
configure:2833: result: yes
configure:2893: checking for gcc
configure:2909: found /usr/bin/gcc
configure:2920: result: gcc
configure:3149: checking for C compiler version
configure:3158: gcc --version >&5
gcc (Gentoo Hardened 4.6.3 p1.3, pie-0.5.2) 4.6.3
Copyright (C) 2011 Free Software Foundation, Inc.
This is free software; see the source for copying conditions.  There is NO
warranty; not even for MERCHANTABILITY or FITNESS FOR A PARTICULAR PURPOSE.

configure:3169: $? = 0
configure:3158: gcc -v >&5
Using built-in specs.
Reading specs from /usr/lib/gcc/i686-pc-linux-gnu/4.6.3/vanilla.specs
Reading specs from /usr/lib/gcc/i686-pc-linux-gnu/4.6.3/hardenednossp.specs
Reading specs from /usr/lib/gcc/i686-pc-linux-gnu/4.6.3/hardenednopie.specs
COLLECT_GCC=/usr/i686-pc-linux-gnu/gcc-bin/4.6.3/gcc
COLLECT_LTO_WRAPPER=/usr/libexec/gcc/i686-pc-linux-gnu/4.6.3/lto-wrapper
Target: i686-pc-linux-gnu
Configured with: /var/tmp/portage/sys-devel/gcc-4.6.3/work/gcc-4.6.3/configure --prefix=/usr --bindir=/usr/i686-pc-linux-gnu/gcc-bin/4.6.3 --includedir=/usr/lib/gcc/i686-pc-linux-gnu/4.6.3/include --datadir=/usr/share/gcc-data/i686-pc-linux-gnu/4.6.3 --mandir=/usr/share/gcc-data/i686-pc-linux-gnu/4.6.3/man --infodir=/usr/share/gcc-data/i686-pc-linux-gnu/4.6.3/info --with-gxx-include-dir=/usr/lib/gcc/i686-pc-linux-gnu/4.6.3/include/g++-v4 --host=i686-pc-linux-gnu --build=i686-pc-linux-gnu --disable-altivec --disable-fixed-point --with-ppl --with-cloog --disable-ppl-version-check --with-cloog-include=/usr/include/cloog-ppl --enable-lto --enable-nls --without-included-gettext --with-system-zlib --enable-obsolete --disable-werror --enable-secureplt --disable-multilib --enable-libmudflap --disable-libssp --enable-esp --enable-libgomp --with-python-dir=/share/gcc-data/i686-pc-linux-gnu/4.6.3/python --enable-checking=release --enable-libstdcxx-time --with-arch=i686 --enable-objc-gc --enable-languages=c,c++,java,objc,obj-c++,fortran --enable-shared --enable-threads=posix --enable-__cxa_atexit --enable-clocale=gnu --enable-targets=all --with-bugurl=http://bugs.gentoo.org/ --with-pkgversion='Gentoo Hardened 4.6.3 p1.3, pie-0.5.2'
Thread model: posix
gcc version 4.6.3 (Gentoo Hardened 4.6.3 p1.3, pie-0.5.2) 
... rest of stderr output deleted ...
configure:3169: $? = 0
configure:3158: gcc -V >&5
gcc: error: unrecognized option '-V'
gcc: fatal error: no input files
compilation terminated.
configure:3169: $? = 1
configure:3158: gcc -qversion >&5
gcc: error: unrecognized option '-qversion'
gcc: fatal error: no input files
compilation terminated.
configure:3169: $? = 1
configure:3189: checking whether the C compiler works
configure:3211: gcc -g -O0   conftest.c  >&5
configure:3215: $? = 0
configure:3263: result: yes
configure:3266: checking for C compiler default output file name
configure:3268: result: a.out
configure:3274: checking for suffix of executables
configure:3281: gcc -o conftest -g -O0   conftest.c  >&5
configure:3285: $? = 0
configure:3307: result: 
configure:3329: checking whether we are cross compiling
configure:3337: gcc -o conftest -g -O0   conftest.c  >&5
configure:3341: $? = 0
configure:3348: ./conftest
configure:3352: $? = 0
configure:3367: result: no
configure:3372: checking for suffix of object files
configure:3394: gcc -c -g -O0  conftest.c >&5
configure:3398: $? = 0
configure:3419: result: o
configure:3423: checking whether we are using the GNU C compiler
configure:3442: gcc -c -g -O0  conftest.c >&5
configure:3442: $? = 0
configure:3451: result: yes
configure:3460: checking whether gcc accepts -g
configure:3480: gcc -c -g  conftest.c >&5
configure:3480: $? = 0
configure:3521: result: yes
configure:3538: checking for gcc option to accept ISO C89
configure:3601: gcc  -c -g -O0  conftest.c >&5
configure:3601: $? = 0
configure:3614: result: none needed
configure:3645: checking for style of include used by make
configure:3673: result: GNU
configure:3699: checking dependency style of gcc
configure:3810: result: gcc3
configure:3830: checking whether NLS is requested
configure:3839: result: yes
configure:3858: checking for intltool >= 0.35.0
configure:3860: result: 0.50.2 found
configure:3868: checking for intltool-update
configure:3886: found /usr/bin/intltool-update
configure:3898: result: /usr/bin/intltool-update
configure:3908: checking for intltool-merge
configure:3926: found /usr/bin/intltool-merge
configure:3938: result: /usr/bin/intltool-merge
configure:3948: checking for intltool-extract
configure:3966: found /usr/bin/intltool-extract
configure:3978: result: /usr/bin/intltool-extract
configure:4132: checking for xgettext
configure:4150: found /usr/bin/xgettext
configure:4162: result: /usr/bin/xgettext
configure:4172: checking for msgmerge
configure:4190: found /usr/bin/msgmerge
configure:4202: result: /usr/bin/msgmerge
configure:4212: checking for msgfmt
configure:4230: found /usr/bin/msgfmt
configure:4242: result: /usr/bin/msgfmt
configure:4252: checking for gmsgfmt
configure:4270: found /usr/bin/gmsgfmt
configure:4283: result: /usr/bin/gmsgfmt
configure:4303: checking for perl
configure:4321: found /usr/bin/perl
configure:4333: result: /usr/bin/perl
configure:4344: checking for perl >= 5.8.1
configure:4351: result: 5.12.4
configure:4355: checking for XML::Parser
configure:4358: result: ok
configure:4383: gcc -o conftest -g -O0   conftest.c  >&5
configure:4383: $? = 0
configure:4423: checking how to run the C preprocessor
configure:4454: gcc -E  conftest.c
configure:4454: $? = 0
configure:4468: gcc -E  conftest.c
conftest.c:12:28: fatal error: ac_nonexistent.h: No such file or directory
compilation terminated.
configure:4468: $? = 1
configure: failed program was:
| /* confdefs.h */
| #define PACKAGE_NAME "editor"
| #define PACKAGE_TARNAME "editor"
| #define PACKAGE_VERSION "0.0.1"
| #define PACKAGE_STRING "editor 0.0.1"
| #define PACKAGE_BUGREPORT ""
| #define PACKAGE_URL ""
| #define PACKAGE "editor"
| #define VERSION "0.0.1"
| #define GETTEXT_PACKAGE "editor"
| /* end confdefs.h.  */
| #include <ac_nonexistent.h>
configure:4493: result: gcc -E
configure:4513: gcc -E  conftest.c
configure:4513: $? = 0
configure:4527: gcc -E  conftest.c
conftest.c:12:28: fatal error: ac_nonexistent.h: No such file or directory
compilation terminated.
configure:4527: $? = 1
configure: failed program was:
| /* confdefs.h */
| #define PACKAGE_NAME "editor"
| #define PACKAGE_TARNAME "editor"
| #define PACKAGE_VERSION "0.0.1"
| #define PACKAGE_STRING "editor 0.0.1"
| #define PACKAGE_BUGREPORT ""
| #define PACKAGE_URL ""
| #define PACKAGE "editor"
| #define VERSION "0.0.1"
| #define GETTEXT_PACKAGE "editor"
| /* end confdefs.h.  */
| #include <ac_nonexistent.h>
configure:4556: checking for grep that handles long lines and -e
configure:4614: result: /bin/grep
configure:4619: checking for egrep
configure:4681: result: /bin/grep -E
configure:4686: checking for ANSI C header files
configure:4706: gcc -c -g -O0  conftest.c >&5
configure:4706: $? = 0
configure:4779: gcc -o conftest -g -O0   conftest.c  >&5
configure:4779: $? = 0
configure:4779: ./conftest
configure:4779: $? = 0
configure:4790: result: yes
configure:4803: checking for sys/types.h
configure:4803: gcc -c -g -O0  conftest.c >&5
configure:4803: $? = 0
configure:4803: result: yes
configure:4803: checking for sys/stat.h
configure:4803: gcc -c -g -O0  conftest.c >&5
configure:4803: $? = 0
configure:4803: result: yes
configure:4803: checking for stdlib.h
configure:4803: gcc -c -g -O0  conftest.c >&5
configure:4803: $? = 0
configure:4803: result: yes
configure:4803: checking for string.h
configure:4803: gcc -c -g -O0  conftest.c >&5
configure:4803: $? = 0
configure:4803: result: yes
configure:4803: checking for memory.h
configure:4803: gcc -c -g -O0  conftest.c >&5
configure:4803: $? = 0
configure:4803: result: yes
configure:4803: checking for strings.h
configure:4803: gcc -c -g -O0  conftest.c >&5
configure:4803: $? = 0
configure:4803: result: yes
configure:4803: checking for inttypes.h
configure:4803: gcc -c -g -O0  conftest.c >&5
configure:4803: $? = 0
configure:4803: result: yes
configure:4803: checking for stdint.h
configure:4803: gcc -c -g -O0  conftest.c >&5
configure:4803: $? = 0
configure:4803: result: yes
configure:4803: checking for unistd.h
configure:4803: gcc -c -g -O0  conftest.c >&5
configure:4803: $? = 0
configure:4803: result: yes
configure:4818: checking locale.h usability
configure:4818: gcc -c -g -O0  conftest.c >&5
configure:4818: $? = 0
configure:4818: result: yes
configure:4818: checking locale.h presence
configure:4818: gcc -E  conftest.c
configure:4818: $? = 0
configure:4818: result: yes
configure:4818: checking for locale.h
configure:4818: result: yes
configure:4829: checking for LC_MESSAGES
configure:4845: gcc -o conftest -g -O0   conftest.c  >&5
configure:4845: $? = 0
configure:4853: result: yes
configure:4870: checking libintl.h usability
configure:4870: gcc -c -g -O0  conftest.c >&5
configure:4870: $? = 0
configure:4870: result: yes
configure:4870: checking libintl.h presence
configure:4870: gcc -E  conftest.c
configure:4870: $? = 0
configure:4870: result: yes
configure:4870: checking for libintl.h
configure:4870: result: yes
configure:4878: checking for ngettext in libc
configure:4896: gcc -o conftest -g -O0   conftest.c  >&5
configure:4896: $? = 0
configure:4905: result: yes
configure:4909: checking for dgettext in libc
configure:4927: gcc -o conftest -g -O0   conftest.c  >&5
configure:4927: $? = 0
configure:4936: result: yes
configure:4943: checking for bind_textdomain_codeset
configure:4943: gcc -o conftest -g -O0   conftest.c  >&5
configure:4943: $? = 0
configure:4943: result: yes
configure:5219: checking for msgfmt
configure:5246: result: /usr/bin/msgfmt
configure:5257: checking for dcgettext
configure:5257: gcc -o conftest -g -O0   conftest.c   >&5
conftest.c:49:6: warning: conflicting types for built-in function 'dcgettext' [enabled by default]
configure:5257: $? = 0
configure:5257: result: yes
configure:5267: checking if msgfmt accepts -c
configure:5282: $MSGFMT -c -o /dev/null conftest.foo
configure:5285: $? = 0
configure:5287: result: yes
configure:5297: checking for gmsgfmt
configure:5328: result: /usr/bin/gmsgfmt
configure:5338: checking for xgettext
configure:5365: result: /usr/bin/xgettext
configure:5384: gcc -o conftest -g -O0   conftest.c   >&5
configure:5384: $? = 0
configure:5555: checking build system type
configure:5569: result: i686-pc-linux-gnu
configure:5589: checking host system type
configure:5602: result: i686-pc-linux-gnu
configure:5643: checking how to print strings
configure:5670: result: printf
configure:5691: checking for a sed that does not truncate output
configure:5755: result: /bin/sed
configure:5773: checking for fgrep
configure:5835: result: /bin/grep -F
configure:5870: checking for ld used by gcc
configure:5937: result: /usr/i686-pc-linux-gnu/bin/ld
configure:5944: checking if the linker (/usr/i686-pc-linux-gnu/bin/ld) is GNU ld
configure:5959: result: yes
configure:5971: checking for BSD- or MS-compatible name lister (nm)
configure:6020: result: /usr/bin/nm -B
configure:6150: checking the name lister (/usr/bin/nm -B) interface
configure:6157: gcc -c -g -O0  conftest.c >&5
configure:6160: /usr/bin/nm -B "conftest.o"
configure:6163: output
00000000 B some_variable
configure:6170: result: BSD nm
configure:6173: checking whether ln -s works
configure:6177: result: yes
configure:6185: checking the maximum length of command line arguments
configure:6310: result: 1572864
configure:6327: checking whether the shell understands some XSI constructs
configure:6337: result: yes
configure:6341: checking whether the shell understands "+="
configure:6347: result: yes
configure:6382: checking how to convert i686-pc-linux-gnu file names to i686-pc-linux-gnu format
configure:6422: result: func_convert_file_noop
configure:6429: checking how to convert i686-pc-linux-gnu file names to toolchain format
configure:6449: result: func_convert_file_noop
configure:6456: checking for /usr/i686-pc-linux-gnu/bin/ld option to reload object files
configure:6463: result: -r
configure:6537: checking for objdump
configure:6553: found /usr/bin/objdump
configure:6564: result: objdump
configure:6596: checking how to recognize dependent libraries
configure:6798: result: pass_all
configure:6883: checking for dlltool
configure:6913: result: no
configure:6943: checking how to associate runtime and link libraries
configure:6970: result: printf %s\n
configure:7030: checking for ar
configure:7046: found /usr/bin/ar
configure:7057: result: ar
configure:7094: checking for archiver @FILE support
configure:7111: gcc -c -g -O0  conftest.c >&5
configure:7111: $? = 0
configure:7114: ar cru libconftest.a @conftest.lst >&5
configure:7117: $? = 0
configure:7122: ar cru libconftest.a @conftest.lst >&5
ar: conftest.o: No such file or directory
configure:7125: $? = 1
configure:7137: result: @
configure:7195: checking for strip
configure:7211: found /usr/bin/strip
configure:7222: result: strip
configure:7294: checking for ranlib
configure:7310: found /usr/bin/ranlib
configure:7321: result: ranlib
configure:7423: checking command to parse /usr/bin/nm -B output from gcc object
configure:7542: gcc -c -g -O0  conftest.c >&5
configure:7545: $? = 0
configure:7549: /usr/bin/nm -B conftest.o \| sed -n -e 's/^.*[ ]\([ABCDGIRSTW][ABCDGIRSTW]*\)[ ][ ]*\([_A-Za-z][_A-Za-z0-9]*\)$/\1 \2 \2/p' | sed '/ __gnu_lto/d' \> conftest.nm
configure:7552: $? = 0
configure:7618: gcc -o conftest -g -O0   conftest.c conftstm.o >&5
configure:7621: $? = 0
configure:7659: result: ok
configure:7696: checking for sysroot
configure:7726: result: no
configure:7969: checking for mt
configure:7999: result: no
configure:8019: checking if : is a manifest tool
configure:8025: : '-?'
configure:8033: result: no
configure:8662: checking for dlfcn.h
configure:8662: gcc -c -g -O0  conftest.c >&5
configure:8662: $? = 0
configure:8662: result: yes
configure:8849: checking for objdir
configure:8864: result: .libs
configure:9131: checking if gcc supports -fno-rtti -fno-exceptions
configure:9149: gcc -c -g -O0  -fno-rtti -fno-exceptions conftest.c >&5
cc1: warning: command line option '-fno-rtti' is valid for C++/ObjC++ but not for C [enabled by default]
configure:9153: $? = 0
configure:9166: result: no
configure:9476: checking for gcc option to produce PIC
configure:9483: result: -fPIC -DPIC
configure:9491: checking if gcc PIC flag -fPIC -DPIC works
configure:9509: gcc -c -g -O0  -fPIC -DPIC -DPIC conftest.c >&5
configure:9513: $? = 0
configure:9526: result: yes
configure:9555: checking if gcc static flag -static works
configure:9583: result: yes
configure:9598: checking if gcc supports -c -o file.o
configure:9619: gcc -c -g -O0  -o out/conftest2.o conftest.c >&5
configure:9623: $? = 0
configure:9645: result: yes
configure:9653: checking if gcc supports -c -o file.o
configure:9700: result: yes
configure:9733: checking whether the gcc linker (/usr/i686-pc-linux-gnu/bin/ld) supports shared libraries
configure:10891: result: yes
configure:10928: checking whether -lc should be explicitly linked in
configure:10936: gcc -c -g -O0  conftest.c >&5
configure:10939: $? = 0
configure:10954: gcc -shared  -fPIC -DPIC conftest.o  -v -Wl,-soname -Wl,conftest -o conftest 2\>\&1 \| /bin/grep  -lc  \>/dev/null 2\>\&1
configure:10957: $? = 0
configure:10971: result: no
configure:11136: checking dynamic linker characteristics
configure:11663: gcc -o conftest -g -O0   -Wl,-rpath -Wl,/foo conftest.c  >&5
configure:11663: $? = 0
configure:11885: result: GNU/Linux ld.so
configure:11992: checking how to hardcode library paths into programs
configure:12017: result: immediate
configure:12557: checking whether stripping libraries is possible
configure:12562: result: yes
configure:12597: checking if libtool supports shared libraries
configure:12599: result: yes
configure:12602: checking whether to build shared libraries
configure:12623: result: yes
configure:12626: checking whether to build static libraries
configure:12630: result: yes
configure:12722: checking for pkg-config
configure:12740: found /usr/bin/pkg-config
configure:12752: result: /usr/bin/pkg-config
configure:12777: checking pkg-config is at least version 0.9.0
configure:12780: result: yes
configure:12790: checking for EDITOR
configure:12797: $PKG_CONFIG --exists --print-errors "gtk+-3.0 gtk+-unix-print-3.0 gtksourceview-3.0"
configure:12800: $? = 0
configure:12814: $PKG_CONFIG --exists --print-errors "gtk+-3.0 gtk+-unix-print-3.0 gtksourceview-3.0"
configure:12817: $? = 0
configure:12875: result: yes
configure:12887: checking for gtkdoc-check
configure:12905: found /usr/bin/gtkdoc-check
configure:12917: result: /usr/bin/gtkdoc-check
configure:12929: checking for gtkdoc-rebase
configure:12947: found /usr/bin/gtkdoc-rebase
configure:12959: result: /usr/bin/gtkdoc-rebase
configure:12973: checking for gtkdoc-mkpdf
configure:12991: found /usr/bin/gtkdoc-mkpdf
configure:13003: result: /usr/bin/gtkdoc-mkpdf
configure:13137: checking whether to build gtk-doc documentation
configure:13139: result: no
configure:13361: creating ./config.status

## ---------------------- ##
## Running config.status. ##
## ---------------------- ##

This file was extended by editor config.status 0.0.1, which was
generated by GNU Autoconf 2.69.  Invocation command line was

  CONFIG_FILES    = 
  CONFIG_HEADERS  = 
  CONFIG_LINKS    = 
  CONFIG_COMMANDS = 
  $ ./config.status 

on osires

config.status:1184: creating Makefile
config.status:1184: creating src/Makefile
config.status:1184: creating po/Makefile.in
config.status:1184: creating config.h
config.status:1398: executing depfiles commands
config.status:1398: executing default-1 commands
config.status:1398: executing libtool commands
config.status:1398: executing po/stamp-it commands
configure:15612: WARNING: unrecognized options: --enable-maintainer-mode

## ---------------- ##
## Cache variables. ##
## ---------------- ##

ac_cv_build=i686-pc-linux-gnu
ac_cv_c_compiler_gnu=yes
ac_cv_env_CC_set=
ac_cv_env_CC_value=
ac_cv_env_CFLAGS_set=set
ac_cv_env_CFLAGS_value='-g -O0'
ac_cv_env_CPPFLAGS_set=
ac_cv_env_CPPFLAGS_value=
ac_cv_env_CPP_set=
ac_cv_env_CPP_value=
ac_cv_env_EDITOR_CFLAGS_set=
ac_cv_env_EDITOR_CFLAGS_value=
ac_cv_env_EDITOR_LIBS_set=
ac_cv_env_EDITOR_LIBS_value=
ac_cv_env_GTKDOC_DEPS_CFLAGS_set=
ac_cv_env_GTKDOC_DEPS_CFLAGS_value=
ac_cv_env_GTKDOC_DEPS_LIBS_set=
ac_cv_env_GTKDOC_DEPS_LIBS_value=
ac_cv_env_LDFLAGS_set=
ac_cv_env_LDFLAGS_value=
ac_cv_env_LIBS_set=
ac_cv_env_LIBS_value=
ac_cv_env_PKG_CONFIG_LIBDIR_set=
ac_cv_env_PKG_CONFIG_LIBDIR_value=
ac_cv_env_PKG_CONFIG_PATH_set=
ac_cv_env_PKG_CONFIG_PATH_value=
ac_cv_env_PKG_CONFIG_set=
ac_cv_env_PKG_CONFIG_value=
ac_cv_env_build_alias_set=
ac_cv_env_build_alias_value=
ac_cv_env_host_alias_set=
ac_cv_env_host_alias_value=
ac_cv_env_target_alias_set=
ac_cv_env_target_alias_value=
ac_cv_func_bind_textdomain_codeset=yes
ac_cv_func_dcgettext=yes
ac_cv_header_dlfcn_h=yes
ac_cv_header_inttypes_h=yes
ac_cv_header_libintl_h=yes
ac_cv_header_locale_h=yes
ac_cv_header_memory_h=yes
ac_cv_header_stdc=yes
ac_cv_header_stdint_h=yes
ac_cv_header_stdlib_h=yes
ac_cv_header_string_h=yes
ac_cv_header_strings_h=yes
ac_cv_header_sys_stat_h=yes
ac_cv_header_sys_types_h=yes
ac_cv_header_unistd_h=yes
ac_cv_host=i686-pc-linux-gnu
ac_cv_objext=o
ac_cv_path_EGREP='/bin/grep -E'
ac_cv_path_FGREP='/bin/grep -F'
ac_cv_path_GMSGFMT=/usr/bin/gmsgfmt
ac_cv_path_GREP=/bin/grep
ac_cv_path_GTKDOC_CHECK=/usr/bin/gtkdoc-check
ac_cv_path_GTKDOC_MKPDF=/usr/bin/gtkdoc-mkpdf
ac_cv_path_GTKDOC_REBASE=/usr/bin/gtkdoc-rebase
ac_cv_path_INTLTOOL_EXTRACT=/usr/bin/intltool-extract
ac_cv_path_INTLTOOL_MERGE=/usr/bin/intltool-merge
ac_cv_path_INTLTOOL_PERL=/usr/bin/perl
ac_cv_path_INTLTOOL_UPDATE=/usr/bin/intltool-update
ac_cv_path_MSGFMT=/usr/bin/msgfmt
ac_cv_path_MSGMERGE=/usr/bin/msgmerge
ac_cv_path_SED=/bin/sed
ac_cv_path_XGETTEXT=/usr/bin/xgettext
ac_cv_path_ac_pt_PKG_CONFIG=/usr/bin/pkg-config
ac_cv_path_install='/usr/bin/install -c'
ac_cv_path_mkdir=/bin/mkdir
ac_cv_prog_AWK=gawk
ac_cv_prog_CPP='gcc -E'
ac_cv_prog_ac_ct_AR=ar
ac_cv_prog_ac_ct_CC=gcc
ac_cv_prog_ac_ct_OBJDUMP=objdump
ac_cv_prog_ac_ct_RANLIB=ranlib
ac_cv_prog_ac_ct_STRIP=strip
ac_cv_prog_cc_c89=
ac_cv_prog_cc_g=yes
ac_cv_prog_make_make_set=yes
am_cv_CC_dependencies_compiler_type=gcc3
am_cv_make_support_nested_variables=yes
am_cv_val_LC_MESSAGES=yes
gt_cv_func_dgettext_libc=yes
gt_cv_func_dgettext_libintl=no
gt_cv_func_ngettext_libc=yes
gt_cv_have_gettext=yes
lt_cv_ar_at_file=@
lt_cv_archive_cmds_need_lc=no
lt_cv_deplibs_check_method=pass_all
lt_cv_file_magic_cmd='$MAGIC_CMD'
lt_cv_file_magic_test_file=
lt_cv_ld_reload_flag=-r
lt_cv_nm_interface='BSD nm'
lt_cv_objdir=.libs
lt_cv_path_LD=/usr/i686-pc-linux-gnu/bin/ld
lt_cv_path_NM='/usr/bin/nm -B'
lt_cv_path_mainfest_tool=no
lt_cv_prog_compiler_c_o=yes
lt_cv_prog_compiler_pic='-fPIC -DPIC'
lt_cv_prog_compiler_pic_works=yes
lt_cv_prog_compiler_rtti_exceptions=no
lt_cv_prog_compiler_static_works=yes
lt_cv_prog_gnu_ld=yes
lt_cv_sharedlib_from_linklib_cmd='printf %s\n'
lt_cv_shlibpath_overrides_runpath=yes
lt_cv_sys_global_symbol_pipe='sed -n -e '\''s/^.*[	 ]\([ABCDGIRSTW][ABCDGIRSTW]*\)[	 ][	 ]*\([_A-Za-z][_A-Za-z0-9]*\)$/\1 \2 \2/p'\'' | sed '\''/ __gnu_lto/d'\'''
lt_cv_sys_global_symbol_to_c_name_address='sed -n -e '\''s/^: \([^ ]*\)[ ]*$/  {\"\1\", (void *) 0},/p'\'' -e '\''s/^[ABCDGIRSTW]* \([^ ]*\) \([^ ]*\)$/  {"\2", (void *) \&\2},/p'\'''
lt_cv_sys_global_symbol_to_c_name_address_lib_prefix='sed -n -e '\''s/^: \([^ ]*\)[ ]*$/  {\"\1\", (void *) 0},/p'\'' -e '\''s/^[ABCDGIRSTW]* \([^ ]*\) \(lib[^ ]*\)$/  {"\2", (void *) \&\2},/p'\'' -e '\''s/^[ABCDGIRSTW]* \([^ ]*\) \([^ ]*\)$/  {"lib\2", (void *) \&\2},/p'\'''
lt_cv_sys_global_symbol_to_cdecl='sed -n -e '\''s/^T .* \(.*\)$/extern int \1();/p'\'' -e '\''s/^[ABCDGIRSTW]* .* \(.*\)$/extern char \1;/p'\'''
lt_cv_sys_max_cmd_len=1572864
lt_cv_to_host_file_cmd=func_convert_file_noop
lt_cv_to_tool_file_cmd=func_convert_file_noop
pkg_cv_EDITOR_CFLAGS='-pthread -I/usr/include/gtk-3.0/unix-print -I/usr/include/gtksourceview-3.0 -I/usr/include/libxml2 -I/usr/include/gtk-3.0 -I/usr/include/at-spi2-atk/2.0 -I/usr/include/gtk-3.0 -I/usr/include/gio-unix-2.0/ -I/usr/include/cairo -I/usr/include/pango-1.0 -I/usr/include/harfbuzz -I/usr/include/pango-1.0 -I/usr/include/atk-1.0 -I/usr/include/cairo -I/usr/include/pixman-1 -I/usr/include/freetype2 -I/usr/include/libdrm -I/usr/include/gdk-pixbuf-2.0 -I/usr/include/libpng15 -I/usr/include/glib-2.0 -I/usr/lib/glib-2.0/include '
pkg_cv_EDITOR_LIBS='-lgtksourceview-3.0 -lgtk-3 -lgdk-3 -lpangocairo-1.0 -lpango-1.0 -latk-1.0 -lcairo-gobject -lcairo -lgdk_pixbuf-2.0 -lgio-2.0 -lgobject-2.0 -lglib-2.0 '

## ----------------- ##
## Output variables. ##
## ----------------- ##

ACLOCAL='${SHELL} /home/userx/Editor/missing --run aclocal-1.11'
ALL_LINGUAS=''
AMDEPBACKSLASH='\'
AMDEP_FALSE='#'
AMDEP_TRUE=''
AMTAR='$${TAR-tar}'
AM_BACKSLASH='\'
AM_DEFAULT_V='$(AM_DEFAULT_VERBOSITY)'
AM_DEFAULT_VERBOSITY='0'
AM_V='$(V)'
AR='ar'
AUTOCONF='${SHELL} /home/userx/Editor/missing --run autoconf'
AUTOHEADER='${SHELL} /home/userx/Editor/missing --run autoheader'
AUTOMAKE='${SHELL} /home/userx/Editor/missing --run automake-1.11'
AWK='gawk'
CATALOGS=''
CATOBJEXT='.gmo'
CC='gcc'
CCDEPMODE='depmode=gcc3'
CFLAGS='-g -O0'
CPP='gcc -E'
CPPFLAGS=''
CYGPATH_W='echo'
DATADIRNAME='share'
DEFS='-DHAVE_CONFIG_H'
DEPDIR='.deps'
DLLTOOL='false'
DSYMUTIL=''
DUMPBIN=''
ECHO_C=''
ECHO_N='-n'
ECHO_T=''
EDITOR_CFLAGS='-pthread -I/usr/include/gtk-3.0/unix-print -I/usr/include/gtksourceview-3.0 -I/usr/include/libxml2 -I/usr/include/gtk-3.0 -I/usr/include/at-spi2-atk/2.0 -I/usr/include/gtk-3.0 -I/usr/include/gio-unix-2.0/ -I/usr/include/cairo -I/usr/include/pango-1.0 -I/usr/include/harfbuzz -I/usr/include/pango-1.0 -I/usr/include/atk-1.0 -I/usr/include/cairo -I/usr/include/pixman-1 -I/usr/include/freetype2 -I/usr/include/libdrm -I/usr/include/gdk-pixbuf-2.0 -I/usr/include/libpng15 -I/usr/include/glib-2.0 -I/usr/lib/glib-2.0/include '
EDITOR_LIBS='-lgtksourceview-3.0 -lgtk-3 -lgdk-3 -lpangocairo-1.0 -lpango-1.0 -latk-1.0 -lcairo-gobject -lcairo -lgdk_pixbuf-2.0 -lgio-2.0 -lgobject-2.0 -lglib-2.0 '
EGREP='/bin/grep -E'
ENABLE_GTK_DOC_FALSE=''
ENABLE_GTK_DOC_TRUE='#'
EXEEXT=''
FGREP='/bin/grep -F'
GETTEXT_PACKAGE='editor'
GMOFILES=''
GMSGFMT='/usr/bin/gmsgfmt'
GREP='/bin/grep'
GTKDOC_CHECK='/usr/bin/gtkdoc-check'
GTKDOC_DEPS_CFLAGS=''
GTKDOC_DEPS_LIBS=''
GTKDOC_MKPDF='/usr/bin/gtkdoc-mkpdf'
GTKDOC_REBASE='/usr/bin/gtkdoc-rebase'
GTK_DOC_BUILD_HTML_FALSE='#'
GTK_DOC_BUILD_HTML_TRUE=''
GTK_DOC_BUILD_PDF_FALSE=''
GTK_DOC_BUILD_PDF_TRUE='#'
GTK_DOC_USE_LIBTOOL_FALSE='#'
GTK_DOC_USE_LIBTOOL_TRUE=''
GTK_DOC_USE_REBASE_FALSE='#'
GTK_DOC_USE_REBASE_TRUE=''
HTML_DIR='${datadir}/gtk-doc/html'
INSTALL_DATA='${INSTALL} -m 644'
INSTALL_PROGRAM='${INSTALL}'
INSTALL_SCRIPT='${INSTALL}'
INSTALL_STRIP_PROGRAM='$(install_sh) -c -s'
INSTOBJEXT='.mo'
INTLLIBS=''
INTLTOOL_CAVES_RULE='%.caves:     %.caves.in     $(INTLTOOL_MERGE) $(wildcard $(top_srcdir)/po/*.po) ; $(INTLTOOL_V_MERGE)LC_ALL=C $(INTLTOOL_MERGE) $(INTLTOOL_V_MERGE_OPTIONS) -d -u -c $(top_builddir)/po/.intltool-merge-cache $(top_srcdir)/po $< $@'
INTLTOOL_DESKTOP_RULE='%.desktop:   %.desktop.in   $(INTLTOOL_MERGE) $(wildcard $(top_srcdir)/po/*.po) ; $(INTLTOOL_V_MERGE)LC_ALL=C $(INTLTOOL_MERGE) $(INTLTOOL_V_MERGE_OPTIONS) -d -u -c $(top_builddir)/po/.intltool-merge-cache $(top_srcdir)/po $< $@'
INTLTOOL_DIRECTORY_RULE='%.directory: %.directory.in $(INTLTOOL_MERGE) $(wildcard $(top_srcdir)/po/*.po) ; $(INTLTOOL_V_MERGE)LC_ALL=C $(INTLTOOL_MERGE) $(INTLTOOL_V_MERGE_OPTIONS) -d -u -c $(top_builddir)/po/.intltool-merge-cache $(top_srcdir)/po $< $@'
INTLTOOL_EXTRACT='/usr/bin/intltool-extract'
INTLTOOL_KBD_RULE='%.kbd:       %.kbd.in       $(INTLTOOL_MERGE) $(wildcard $(top_srcdir)/po/*.po) ; $(INTLTOOL_V_MERGE)LC_ALL=C $(INTLTOOL_MERGE) $(INTLTOOL_V_MERGE_OPTIONS) -x -u -m -c $(top_builddir)/po/.intltool-merge-cache $(top_srcdir)/po $< $@'
INTLTOOL_KEYS_RULE='%.keys:      %.keys.in      $(INTLTOOL_MERGE) $(wildcard $(top_srcdir)/po/*.po) ; $(INTLTOOL_V_MERGE)LC_ALL=C $(INTLTOOL_MERGE) $(INTLTOOL_V_MERGE_OPTIONS) -k -u -c $(top_builddir)/po/.intltool-merge-cache $(top_srcdir)/po $< $@'
INTLTOOL_MERGE='/usr/bin/intltool-merge'
INTLTOOL_OAF_RULE='%.oaf:       %.oaf.in       $(INTLTOOL_MERGE) $(wildcard $(top_srcdir)/po/*.po) ; $(INTLTOOL_V_MERGE)LC_ALL=C $(INTLTOOL_MERGE) $(INTLTOOL_V_MERGE_OPTIONS) -o -p $(top_srcdir)/po $< $@'
INTLTOOL_PERL='/usr/bin/perl'
INTLTOOL_POLICY_RULE='%.policy:    %.policy.in    $(INTLTOOL_MERGE) $(wildcard $(top_srcdir)/po/*.po) ; $(INTLTOOL_V_MERGE)LC_ALL=C $(INTLTOOL_MERGE) $(INTLTOOL_V_MERGE_OPTIONS) -x -u -c $(top_builddir)/po/.intltool-merge-cache $(top_srcdir)/po $< $@'
INTLTOOL_PONG_RULE='%.pong:      %.pong.in      $(INTLTOOL_MERGE) $(wildcard $(top_srcdir)/po/*.po) ; $(INTLTOOL_V_MERGE)LC_ALL=C $(INTLTOOL_MERGE) $(INTLTOOL_V_MERGE_OPTIONS) -x -u -c $(top_builddir)/po/.intltool-merge-cache $(top_srcdir)/po $< $@'
INTLTOOL_PROP_RULE='%.prop:      %.prop.in      $(INTLTOOL_MERGE) $(wildcard $(top_srcdir)/po/*.po) ; $(INTLTOOL_V_MERGE)LC_ALL=C $(INTLTOOL_MERGE) $(INTLTOOL_V_MERGE_OPTIONS) -d -u -c $(top_builddir)/po/.intltool-merge-cache $(top_srcdir)/po $< $@'
INTLTOOL_SCHEMAS_RULE='%.schemas:   %.schemas.in   $(INTLTOOL_MERGE) $(wildcard $(top_srcdir)/po/*.po) ; $(INTLTOOL_V_MERGE)LC_ALL=C $(INTLTOOL_MERGE) $(INTLTOOL_V_MERGE_OPTIONS) -s -u -c $(top_builddir)/po/.intltool-merge-cache $(top_srcdir)/po $< $@'
INTLTOOL_SERVER_RULE='%.server:    %.server.in    $(INTLTOOL_MERGE) $(wildcard $(top_srcdir)/po/*.po) ; $(INTLTOOL_V_MERGE)LC_ALL=C $(INTLTOOL_MERGE) $(INTLTOOL_V_MERGE_OPTIONS) -o -u -c $(top_builddir)/po/.intltool-merge-cache $(top_srcdir)/po $< $@'
INTLTOOL_SERVICE_RULE='%.service: %.service.in   $(INTLTOOL_MERGE) $(wildcard $(top_srcdir)/po/*.po) ; $(INTLTOOL_V_MERGE)LC_ALL=C $(INTLTOOL_MERGE) $(INTLTOOL_V_MERGE_OPTIONS) -d -u -c $(top_builddir)/po/.intltool-merge-cache $(top_srcdir)/po $< $@'
INTLTOOL_SHEET_RULE='%.sheet:     %.sheet.in     $(INTLTOOL_MERGE) $(wildcard $(top_srcdir)/po/*.po) ; $(INTLTOOL_V_MERGE)LC_ALL=C $(INTLTOOL_MERGE) $(INTLTOOL_V_MERGE_OPTIONS) -x -u -c $(top_builddir)/po/.intltool-merge-cache $(top_srcdir)/po $< $@'
INTLTOOL_SOUNDLIST_RULE='%.soundlist: %.soundlist.in $(INTLTOOL_MERGE) $(wildcard $(top_srcdir)/po/*.po) ; $(INTLTOOL_V_MERGE)LC_ALL=C $(INTLTOOL_MERGE) $(INTLTOOL_V_MERGE_OPTIONS) -d -u -c $(top_builddir)/po/.intltool-merge-cache $(top_srcdir)/po $< $@'
INTLTOOL_THEME_RULE='%.theme:     %.theme.in     $(INTLTOOL_MERGE) $(wildcard $(top_srcdir)/po/*.po) ; $(INTLTOOL_V_MERGE)LC_ALL=C $(INTLTOOL_MERGE) $(INTLTOOL_V_MERGE_OPTIONS) -d -u -c $(top_builddir)/po/.intltool-merge-cache $(top_srcdir)/po $< $@'
INTLTOOL_UI_RULE='%.ui:        %.ui.in        $(INTLTOOL_MERGE) $(wildcard $(top_srcdir)/po/*.po) ; $(INTLTOOL_V_MERGE)LC_ALL=C $(INTLTOOL_MERGE) $(INTLTOOL_V_MERGE_OPTIONS) -x -u -c $(top_builddir)/po/.intltool-merge-cache $(top_srcdir)/po $< $@'
INTLTOOL_UPDATE='/usr/bin/intltool-update'
INTLTOOL_V_MERGE='$(INTLTOOL__v_MERGE_$(V))'
INTLTOOL_V_MERGE_OPTIONS='$(intltool__v_merge_options_$(V))'
INTLTOOL_XAM_RULE='%.xam:       %.xml.in       $(INTLTOOL_MERGE) $(wildcard $(top_srcdir)/po/*.po) ; $(INTLTOOL_V_MERGE)LC_ALL=C $(INTLTOOL_MERGE) $(INTLTOOL_V_MERGE_OPTIONS) -x -u -c $(top_builddir)/po/.intltool-merge-cache $(top_srcdir)/po $< $@'
INTLTOOL_XML_NOMERGE_RULE='%.xml:       %.xml.in       $(INTLTOOL_MERGE) ; $(INTLTOOL_V_MERGE)LC_ALL=C $(INTLTOOL_MERGE) $(INTLTOOL_V_MERGE_OPTIONS) -x -u --no-translations $< $@'
INTLTOOL_XML_RULE='%.xml:       %.xml.in       $(INTLTOOL_MERGE) $(wildcard $(top_srcdir)/po/*.po) ; $(INTLTOOL_V_MERGE)LC_ALL=C $(INTLTOOL_MERGE) $(INTLTOOL_V_MERGE_OPTIONS) -x -u -c $(top_builddir)/po/.intltool-merge-cache $(top_srcdir)/po $< $@'
INTLTOOL__v_MERGE_0='@echo "  ITMRG " $@;'
INTLTOOL__v_MERGE_='$(INTLTOOL__v_MERGE_$(AM_DEFAULT_VERBOSITY))'
LD='/usr/i686-pc-linux-gnu/bin/ld'
LDFLAGS=''
LIBOBJS=''
LIBS=''
LIBTOOL='$(SHELL) $(top_builddir)/libtool'
LIPO=''
LN_S='ln -s'
LTLIBOBJS=''
MAKEINFO='${SHELL} /home/userx/Editor/missing --run makeinfo'
MANIFEST_TOOL=':'
MKDIR_P='/bin/mkdir -p'
MKINSTALLDIRS='/home/userx/Editor/mkinstalldirs'
MSGFMT='/usr/bin/msgfmt'
MSGFMT_OPTS='-c'
MSGMERGE='/usr/bin/msgmerge'
NM='/usr/bin/nm -B'
NMEDIT=''
OBJDUMP='objdump'
OBJEXT='o'
OTOOL64=''
OTOOL=''
PACKAGE='editor'
PACKAGE_BUGREPORT=''
PACKAGE_NAME='editor'
PACKAGE_STRING='editor 0.0.1'
PACKAGE_TARNAME='editor'
PACKAGE_URL=''
PACKAGE_VERSION='0.0.1'
PATH_SEPARATOR=':'
PKG_CONFIG='/usr/bin/pkg-config'
PKG_CONFIG_LIBDIR=''
PKG_CONFIG_PATH=''
POFILES=''
POSUB='po'
PO_IN_DATADIR_FALSE=''
PO_IN_DATADIR_TRUE=''
RANLIB='ranlib'
SED='/bin/sed'
SET_MAKE=''
SHELL='/bin/sh'
STRIP='strip'
USE_NLS='yes'
VERSION='0.0.1'
XGETTEXT='/usr/bin/xgettext'
ac_ct_AR='ar'
ac_ct_CC='gcc'
ac_ct_DUMPBIN=''
am__EXEEXT_FALSE=''
am__EXEEXT_TRUE='#'
am__fastdepCC_FALSE='#'
am__fastdepCC_TRUE=''
am__include='include'
am__isrc=' -I$(srcdir)'
am__leading_dot='.'
am__nodep='_no'
am__quote=''
am__tar='$${TAR-tar} chof - "$$tardir"'
am__untar='$${TAR-tar} xf -'
bindir='${exec_prefix}/bin'
build='i686-pc-linux-gnu'
build_alias=''
build_cpu='i686'
build_os='linux-gnu'
build_vendor='pc'
datadir='${datarootdir}'
datarootdir='${prefix}/share'
docdir='${datarootdir}/doc/${PACKAGE_TARNAME}'
dvidir='${docdir}'
exec_prefix='${prefix}'
host='i686-pc-linux-gnu'
host_alias=''
host_cpu='i686'
host_os='linux-gnu'
host_vendor='pc'
htmldir='${docdir}'
includedir='${prefix}/include'
infodir='${datarootdir}/info'
install_sh='${SHELL} /home/userx/Editor/install-sh'
intltool__v_merge_options_0='-q'
intltool__v_merge_options_='$(intltool__v_merge_options_$(AM_DEFAULT_VERBOSITY))'
libdir='${exec_prefix}/lib'
libexecdir='${exec_prefix}/libexec'
localedir='${datarootdir}/locale'
localstatedir='${prefix}/var'
mandir='${datarootdir}/man'
mkdir_p='/bin/mkdir -p'
oldincludedir='/usr/include'
pdfdir='${docdir}'
prefix='/usr/local'
program_transform_name='s,x,x,'
psdir='${docdir}'
sbindir='${exec_prefix}/sbin'
sharedstatedir='${prefix}/com'
sysconfdir='${prefix}/etc'
target_alias=''

## ----------- ##
## confdefs.h. ##
## ----------- ##

/* confdefs.h */
#define PACKAGE_NAME "editor"
#define PACKAGE_TARNAME "editor"
#define PACKAGE_VERSION "0.0.1"
#define PACKAGE_STRING "editor 0.0.1"
#define PACKAGE_BUGREPORT ""
#define PACKAGE_URL ""
#define PACKAGE "editor"
#define VERSION "0.0.1"
#define GETTEXT_PACKAGE "editor"
#define STDC_HEADERS 1
#define HAVE_SYS_TYPES_H 1
#define HAVE_SYS_STAT_H 1
#define HAVE_STDLIB_H 1
#define HAVE_STRING_H 1
#define HAVE_MEMORY_H 1
#define HAVE_STRINGS_H 1
#define HAVE_INTTYPES_H 1
#define HAVE_STDINT_H 1
#define HAVE_UNISTD_H 1
#define HAVE_LOCALE_H 1
#define HAVE_LC_MESSAGES 1
#define HAVE_BIND_TEXTDOMAIN_CODESET 1
#define HAVE_GETTEXT 1
#define HAVE_DCGETTEXT 1
#define ENABLE_NLS 1
#define HAVE_DLFCN_H 1
#define LT_OBJDIR ".libs/"

configure: exit 0

## ---------------------- ##
## Running config.status. ##
## ---------------------- ##

This file was extended by editor config.status 0.0.1, which was
generated by GNU Autoconf 2.69.  Invocation command line was

  CONFIG_FILES    = 
  CONFIG_HEADERS  = 
  CONFIG_LINKS    = 
  CONFIG_COMMANDS = 
  $ ./config.status config.h

on osires

config.status:1184: creating config.h
config.status:1350: config.h is unchanged

## ---------------------- ##
## Running config.status. ##
## ---------------------- ##

This file was extended by editor config.status 0.0.1, which was
generated by GNU Autoconf 2.69.  Invocation command line was

  CONFIG_FILES    = 
  CONFIG_HEADERS  = 
  CONFIG_LINKS    = 
  CONFIG_COMMANDS = 
  $ ./config.status src/Makefile depfiles

on osires

config.status:1184: creating src/Makefile
config.status:1398: executing depfiles commands

## ---------------------- ##
## Running config.status. ##
## ---------------------- ##

This file was extended by editor config.status 0.0.1, which was
generated by GNU Autoconf 2.69.  Invocation command line was

  CONFIG_FILES    = 
  CONFIG_HEADERS  = 
  CONFIG_LINKS    = 
  CONFIG_COMMANDS = 
  $ ./config.status src/Makefile depfiles

on osires

config.status:1184: creating src/Makefile
config.status:1398: executing depfiles commands

## ---------------------- ##
## Running config.status. ##
## ---------------------- ##

This file was extended by editor config.status 0.0.1, which was
generated by GNU Autoconf 2.69.  Invocation command line was

  CONFIG_FILES    = 
  CONFIG_HEADERS  = 
  CONFIG_LINKS    = 
  CONFIG_COMMANDS = 
  $ ./config.status src/Makefile depfiles

on osires

config.status:1184: creating src/Makefile
config.status:1398: executing depfiles commands

## ---------------------- ##
## Running config.status. ##
## ---------------------- ##

This file was extended by editor config.status 0.0.1, which was
generated by GNU Autoconf 2.69.  Invocation command line was

  CONFIG_FILES    = 
  CONFIG_HEADERS  = 
  CONFIG_LINKS    = 
  CONFIG_COMMANDS = 
  $ ./config.status src/Makefile depfiles

on osires

config.status:1184: creating src/Makefile
config.status:1398: executing depfiles commands

## ---------------------- ##
## Running config.status. ##
## ---------------------- ##

This file was extended by editor config.status 0.0.1, which was
generated by GNU Autoconf 2.69.  Invocation command line was

  CONFIG_FILES    = 
  CONFIG_HEADERS  = 
  CONFIG_LINKS    = 
  CONFIG_COMMANDS = 
  $ ./config.status src/Makefile depfiles

on osires

config.status:1184: creating src/Makefile
config.status:1398: executing depfiles commands

## ---------------------- ##
## Running config.status. ##
## ---------------------- ##

This file was extended by editor config.status 0.0.1, which was
generated by GNU Autoconf 2.69.  Invocation command line was

  CONFIG_FILES    = 
  CONFIG_HEADERS  = 
  CONFIG_LINKS    = 
  CONFIG_COMMANDS = 
  $ ./config.status src/Makefile depfiles

on osires

config.status:1184: creating src/Makefile
config.status:1398: executing depfiles commands

## ---------------------- ##
## Running config.status. ##
## ---------------------- ##

This file was extended by editor config.status 0.0.1, which was
generated by GNU Autoconf 2.69.  Invocation command line was

  CONFIG_FILES    = 
  CONFIG_HEADERS  = 
  CONFIG_LINKS    = 
  CONFIG_COMMANDS = 
  $ ./config.status src/Makefile depfiles

on osires

config.status:1184: creating src/Makefile
config.status:1398: executing depfiles commands

## ---------------------- ##
## Running config.status. ##
## ---------------------- ##

This file was extended by editor config.status 0.0.1, which was
generated by GNU Autoconf 2.69.  Invocation command line was

  CONFIG_FILES    = 
  CONFIG_HEADERS  = 
  CONFIG_LINKS    = 
  CONFIG_COMMANDS = 
  $ ./config.status src/Makefile depfiles

on osires

config.status:1184: creating src/Makefile
config.status:1398: executing depfiles commands

## ---------------------- ##
## Running config.status. ##
## ---------------------- ##

This file was extended by editor config.status 0.0.1, which was
generated by GNU Autoconf 2.69.  Invocation command line was

  CONFIG_FILES    = 
  CONFIG_HEADERS  = 
  CONFIG_LINKS    = 
  CONFIG_COMMANDS = 
  $ ./config.status src/Makefile depfiles

on osires

config.status:1184: creating src/Makefile
config.status:1398: executing depfiles commands
